<?xml version="1.0" encoding="UTF-8"?>
<!-- Generated by org.testng.reporters.JUnitReportReporter -->
<testsuite hostname="TYC0422162" failures="0" tests="1" name="com.practiceJenkinsTest.Practice4Test" time="0.012" errors="0" timestamp="2022-08-15T17:33:43 IST" skipped="0">
  <testcase classname="com.practiceJenkinsTest.Practice4Test" name="practice4test" time="0.012"/>
  <system-out/>
</testsuite> <!-- com.practiceJenkinsTest.Practice4Test -->
