<?xml version="1.0" encoding="UTF-8"?>
<!-- Generated by org.testng.reporters.JUnitReportReporter -->
<testsuite hostname="TYC0422162" failures="0" tests="1" name="com.practiceJenkinsTest.Practice1Test" time="0.126" errors="0" timestamp="2022-08-15T17:33:43 IST" skipped="0">
  <testcase classname="com.practiceJenkinsTest.Practice1Test" name="practiceJenkinsTest" time="0.126"/>
  <system-out/>
</testsuite> <!-- com.practiceJenkinsTest.Practice1Test -->
